#
# There is insufficient memory for the Java Runtime Environment to continue.
# Native memory allocation (mmap) failed to map 134217728 bytes for Failed to commit area from 0x0000000081c00000 to 0x0000000089c00000 of length 134217728.
# Possible reasons:
#   The system is out of physical RAM or swap space
#   The process is running with CompressedOops enabled, and the Java Heap may be blocking the growth of the native heap
# Possible solutions:
#   Reduce memory load on the system
#   Increase physical memory or swap space
#   Check if swap backing store is full
#   Decrease Java heap size (-Xmx/-Xms)
#   Decrease number of Java threads
#   Decrease Java thread stack sizes (-Xss)
#   Set larger code cache with -XX:ReservedCodeCacheSize=
#   JVM is running with Unscaled Compressed Oops mode in which the Java heap is
#     placed in the first 4GB address space. The Java Heap base address is the
#     maximum limit for the native heap growth. Please use -XX:HeapBaseMinAddress
#     to set the Java Heap base and to place the Java Heap above 4GB virtual address.
# This output file may be truncated or incomplete.
#
#  Out of Memory Error (./open/src/hotspot/os/windows/os_windows.cpp:3315), pid=8936, tid=19772
#
# JRE version:  (14.0.1+7) (build )
# Java VM: Java HotSpot(TM) 64-Bit Server VM (14.0.1+7, mixed mode, sharing, tiered, compressed oops, g1 gc, windows-amd64)
# No core dump will be written. Minidumps are not enabled by default on client versions of Windows
#

---------------  S U M M A R Y ------------

Command Line: -Dfile.encoding=Cp1252 -XX:+ShowCodeDetailsInExceptionMessages tp.Main

Host: Intel(R) Core(TM) i5-6300U CPU @ 2.40GHz, 4 cores, 7G,  Windows 10 , 64 bit Build 18362 (10.0.18362.1350)
Time: Sat Mar 20 23:05:15 2021 Paris, Madrid elapsed time: 0 seconds (0d 0h 0m 0s)

---------------  T H R E A D  ---------------

Current thread (0x00000143adc84000):  JavaThread "Unknown thread" [_thread_in_vm, id=19772, stack(0x0000002093b00000,0x0000002093c00000)]

Stack: [0x0000002093b00000,0x0000002093c00000]
Native frames: (J=compiled Java code, j=interpreted, Vv=VM code, C=native code)
V  [jvm.dll+0x5f840a]
V  [jvm.dll+0x741e4a]
V  [jvm.dll+0x7435ff]
V  [jvm.dll+0x743c43]
V  [jvm.dll+0x20d288]
V  [jvm.dll+0x5f57ba]
V  [jvm.dll+0x5ea615]
V  [jvm.dll+0x2c7e9c]
V  [jvm.dll+0x2c7cd2]
V  [jvm.dll+0x2cdbbc]
V  [jvm.dll+0x313ff8]
V  [jvm.dll+0x313720]
V  [jvm.dll+0x2a092a]
V  [jvm.dll+0x2a1a79]
V  [jvm.dll+0x71f718]
V  [jvm.dll+0x321c44]
V  [jvm.dll+0x700b0c]
V  [jvm.dll+0x392dff]
V  [jvm.dll+0x394e71]
C  [jli.dll+0x523b]
C  [ucrtbase.dll+0x210b2]
C  [KERNEL32.DLL+0x17c24]
C  [ntdll.dll+0x6d721]


---------------  P R O C E S S  ---------------

Threads class SMR info:
_java_thread_list=0x00007fff2dbb3078, length=0, elements={
}

Java Threads: ( => current thread )

Other Threads:
  0x00000143adcc2000 GCTaskThread "GC Thread#0" [stack: 0x0000002093c00000,0x0000002093d00000] [id=20532]
  0x00000143adcd3800 ConcurrentGCThread "G1 Main Marker" [stack: 0x0000002093d00000,0x0000002093e00000] [id=6004]
  0x00000143adcd4800 ConcurrentGCThread "G1 Conc#0" [stack: 0x0000002093e00000,0x0000002093f00000] [id=15248]

[error occurred during error reporting (printing all threads), id 0xc0000005, EXCEPTION_ACCESS_VIOLATION (0xc0000005) at pc=0x00007fff2d3e1257]

VM state:not at safepoint (not fully initialized)

VM Mutex/Monitor currently owned by a thread:  ([mutex/lock_event])
[0x00000143adc801e0] Heap_lock - owner thread: 0x00000143adc84000

Heap address: 0x0000000081c00000, size: 2020 MB, Compressed Oops mode: 32-bit
Narrow klass base: 0x0000000000000000, Narrow klass shift: 0

GC Heap History (0 events):
No events

Deoptimization events (0 events):
No events

Classes unloaded (0 events):
No events

Classes redefined (0 events):
No events

Internal exceptions (0 events):
No events

Events (2 events):
Event: 0.014 Loaded shared library C:\Program Files\Java\jdk-14.0.1\bin\java.dll
Event: 0.016 Loaded shared library C:\Program Files\Java\jdk-14.0.1\bin\zip.dll


Dynamic libraries:
0x00007ff7aa3a0000 - 0x00007ff7aa3af000 	C:\Program Files\Java\jdk-14.0.1\bin\javaw.exe
0x00007fff86860000 - 0x00007fff86a50000 	C:\Windows\SYSTEM32\ntdll.dll
0x00007fff86170000 - 0x00007fff86222000 	C:\Windows\System32\KERNEL32.DLL
0x00007fff84060000 - 0x00007fff84305000 	C:\Windows\System32\KERNELBASE.dll
0x00007fff847c0000 - 0x00007fff848ba000 	C:\Windows\System32\ucrtbase.dll
0x00007fff788d0000 - 0x00007fff788e5000 	C:\Program Files\Java\jdk-14.0.1\bin\VCRUNTIME140.dll
0x00007fff7c4b0000 - 0x00007fff7c4c8000 	C:\Program Files\Java\jdk-14.0.1\bin\jli.dll
0x00007fff84d40000 - 0x00007fff84de3000 	C:\Windows\System32\ADVAPI32.dll
0x00007fff85f00000 - 0x00007fff85f9e000 	C:\Windows\System32\msvcrt.dll
0x00007fff86770000 - 0x00007fff86807000 	C:\Windows\System32\sechost.dll
0x00007fff86630000 - 0x00007fff8674f000 	C:\Windows\System32\RPCRT4.dll
0x00007fff85fd0000 - 0x00007fff86164000 	C:\Windows\System32\USER32.dll
0x00007fff848e0000 - 0x00007fff84901000 	C:\Windows\System32\win32u.dll
0x00007fff85fa0000 - 0x00007fff85fc6000 	C:\Windows\System32\GDI32.dll
0x00007fff84390000 - 0x00007fff84528000 	C:\Windows\System32\gdi32full.dll
0x00007fff84530000 - 0x00007fff845ce000 	C:\Windows\System32\msvcp_win.dll
0x00007fff6b840000 - 0x00007fff6bac4000 	C:\Windows\WinSxS\amd64_microsoft.windows.common-controls_6595b64144ccf1df_6.0.18362.1440_none_9e7dbfb9e45e8e67\COMCTL32.dll
0x00007fff862b0000 - 0x00007fff865e6000 	C:\Windows\System32\combase.dll
0x00007fff79330000 - 0x00007fff7933a000 	C:\Windows\SYSTEM32\VERSION.dll
0x00007fff845d0000 - 0x00007fff84651000 	C:\Windows\System32\bcryptPrimitives.dll
0x00007fff865f0000 - 0x00007fff8661e000 	C:\Windows\System32\IMM32.DLL
0x00007fff5c1c0000 - 0x00007fff5c25b000 	C:\Program Files\Java\jdk-14.0.1\bin\msvcp140.dll
0x00007fff2d130000 - 0x00007fff2dc4e000 	C:\Program Files\Java\jdk-14.0.1\bin\server\jvm.dll
0x00007fff862a0000 - 0x00007fff862a8000 	C:\Windows\System32\PSAPI.DLL
0x00007fff77aa0000 - 0x00007fff77aa9000 	C:\Windows\SYSTEM32\WSOCK32.dll
0x00007fff86230000 - 0x00007fff8629f000 	C:\Windows\System32\WS2_32.dll
0x00007fff76a20000 - 0x00007fff76a44000 	C:\Windows\SYSTEM32\WINMM.dll
0x00007fff769f0000 - 0x00007fff76a1d000 	C:\Windows\SYSTEM32\winmmbase.dll
0x00007fff84310000 - 0x00007fff8435a000 	C:\Windows\System32\cfgmgr32.dll
0x00007fff837b0000 - 0x00007fff837c1000 	C:\Windows\System32\kernel.appcore.dll
0x00007fff612e0000 - 0x00007fff612ea000 	C:\Program Files\Java\jdk-14.0.1\bin\jimage.dll
0x00007fff820b0000 - 0x00007fff822a4000 	C:\Windows\SYSTEM32\DBGHELP.DLL
0x00007fff798e0000 - 0x00007fff7990a000 	C:\Windows\SYSTEM32\dbgcore.DLL
0x00007fff5cbb0000 - 0x00007fff5cbd5000 	C:\Program Files\Java\jdk-14.0.1\bin\java.dll
0x00007fff603a0000 - 0x00007fff603b6000 	C:\Program Files\Java\jdk-14.0.1\bin\zip.dll

dbghelp: loaded successfully - version: 4.0.5 - missing functions: none
symbol engine: initialized successfully - sym options: 0x614 - pdb path: .;C:\Program Files\Java\jdk-14.0.1\bin;C:\Windows\SYSTEM32;C:\Windows\WinSxS\amd64_microsoft.windows.common-controls_6595b64144ccf1df_6.0.18362.1440_none_9e7dbfb9e45e8e67;C:\Program Files\Java\jdk-14.0.1\bin\server

VM Arguments:
jvm_args: -Dfile.encoding=Cp1252 -XX:+ShowCodeDetailsInExceptionMessages 
java_command: tp.Main
java_class_path (initial): C:\Users\lardjani\Desktop\M1S2\CAR\TP\Akka\bin;C:\Users\lardjani\Desktop\M1S2\CAR\TP\Akka\lib\akka-actor_2.11-2.3.9.jar;C:\Users\lardjani\Desktop\M1S2\CAR\TP\Akka\lib\akka-remote_2.11-2.3.9.jar;C:\Users\lardjani\Desktop\M1S2\CAR\TP\Akka\lib\config-1.2.1.jar;C:\Users\lardjani\Desktop\M1S2\CAR\TP\Akka\lib\netty-3.8.0.Final.jar;C:\Users\lardjani\Desktop\M1S2\CAR\TP\Akka\lib\protobuf-java-2.5.0.jar;C:\Users\lardjani\Desktop\M1S2\CAR\TP\Akka\lib\scala-library-2.11.5.jar;C:\Users\lardjani\Desktop\M1S2\CAR\TP\Akka\lib\uncommons-maths-1.2.2a.jar
Launcher Type: SUN_STANDARD

[Global flags]
     intx CICompilerCount                          = 3                                         {product} {ergonomic}
     uint ConcGCThreads                            = 1                                         {product} {ergonomic}
     uint G1ConcRefinementThreads                  = 4                                         {product} {ergonomic}
   size_t G1HeapRegionSize                         = 1048576                                   {product} {ergonomic}
    uintx GCDrainStackTargetSize                   = 64                                        {product} {ergonomic}
   size_t InitialHeapSize                          = 134217728                                 {product} {ergonomic}
   size_t MarkStackSize                            = 4194304                                   {product} {ergonomic}
   size_t MaxHeapSize                              = 2118123520                                {product} {ergonomic}
   size_t MinHeapDeltaBytes                        = 1048576                                   {product} {ergonomic}
   size_t MinHeapSize                              = 8388608                                   {product} {ergonomic}
    uintx NonNMethodCodeHeapSize                   = 5832780                                {pd product} {ergonomic}
    uintx NonProfiledCodeHeapSize                  = 122912730                              {pd product} {ergonomic}
    uintx ProfiledCodeHeapSize                     = 122912730                              {pd product} {ergonomic}
    uintx ReservedCodeCacheSize                    = 251658240                              {pd product} {ergonomic}
     bool SegmentedCodeCache                       = true                                      {product} {ergonomic}
     bool ShowCodeDetailsInExceptionMessages       = true                                   {manageable} {command line}
   size_t SoftMaxHeapSize                          = 2118123520                             {manageable} {ergonomic}
     bool UseCompressedClassPointers               = true                                 {lp64_product} {ergonomic}
     bool UseCompressedOops                        = true                                 {lp64_product} {ergonomic}
     bool UseG1GC                                  = true                                      {product} {ergonomic}
     bool UseLargePagesIndividualAllocation        = false                                  {pd product} {ergonomic}

Logging:
Log output configuration:
 #0: stdout all=warning uptime,level,tags
 #1: stderr all=off uptime,level,tags

Environment Variables:
PATH=C:/Program Files/Java/jdk-14.0.1/bin/server;C:/Program Files/Java/jdk-14.0.1/bin;C:\Windows\system32;C:\Windows;C:\Windows\System32\Wbem;C:\Windows\System32\WindowsPowerShell\v1.0\;C:\Windows\System32\OpenSSH\;C:\Program Files\Git\cmd;C:\Users\lardjani\bin\php\php5.6.40;C:\ProgramData\ComposerSetup\bin;C:\php-7;C:\Program Files\nodejs\;C:\Program Files\Symfony;C:\Users\lardjani\AppData\Roaming\Microsoft\Windows\Start Menu\Programs\Python 3.6;C:\Users\lardjani\AppData\Local\Microsoft\WindowsApps\python3;C:\Users\lardjani\AppData\Roaming\Microsoft\Windows\Start Menu\Programs\Python 3.6\IDLE (Python 3.6 32-bit);C:\Program Files\Microsoft SQL Server\130\Tools\Binn\;C:\Program Files\dotnet\;C:\Program Files\Microsoft SQL Server\Client SDK\ODBC\170\Tools\Binn\;C:\Program Files\Java\jdk-14.0.1\bin;C:\Program Files (x86)\Microsoft SQL Server\150\Tools\Binn\;C:\Program Files\Microsoft SQL Server\150\Tools\Binn\;C:\Program Files\Microsoft SQL Server\150\DTS\Binn\;C:\Program Files (x86)\Microsoft SQL Server\150\DTS\Binn\;C:\Program Files\Azure Data Studio\bin;C:\Users\lardjani\AppData\Local\Microsoft\WindowsApps;C:\Users\lardjani\AppData\Local\Programs\Microsoft VS Code\bin;C:\Users\lardjani\AppData\Local\Programs\MiKTeX 2.9\miktex\bin\x64\;C:\Users\lardjani\AppData\Roaming\Composer\vendor\bin;C:\Users\lardjani\AppData\Roaming\npm;C:\Users\lardjani\AppData\Roaming\Microsoft\Windows\Start Menu\Programs\Python 3.6\Python 3.6 (32-bit);C:\Users\lardjani\.dotnet\tools;C:\Program Files\Azure Data Studio\bin;C:\Windows\system32;
USERNAME=lardjani
OS=Windows_NT
PROCESSOR_IDENTIFIER=Intel64 Family 6 Model 78 Stepping 3, GenuineIntel



---------------  S Y S T E M  ---------------

OS: Windows 10 , 64 bit Build 18362 (10.0.18362.1350)
OS uptime: 4 days 13:56 hours

CPU:total 4 (initial active 4) (2 cores per cpu, 2 threads per core) family 6 model 78 stepping 3, cmov, cx8, fxsr, mmx, sse, sse2, sse3, ssse3, sse4.1, sse4.2, popcnt, avx, avx2, aes, clmul, erms, rtm, 3dnowpref, lzcnt, ht, tsc, tscinvbit, bmi1, bmi2, adx, fma

Memory: 4k page, system-wide physical 8072M (430M free)
TotalPageFile size 23254M (AvailPageFile size 58M)
current process WorkingSet (physical memory assigned to process): 10M, peak: 10M
current process commit charge ("private bytes"): 52M, peak: 180M

vm_info: Java HotSpot(TM) 64-Bit Server VM (14.0.1+7) for windows-amd64 JRE (14.0.1+7), built on Mar  5 2020 10:30:14 by "mach5one" with MS VC++ 15.9 (VS2017)

END.
